2025-02-17 14:43:18,364 - INFO - Logging setup complete.
2025-02-17 14:43:18,364 - INFO - Script: download_data started.
2025-02-17 14:43:18,364 - INFO - Downloading started.
2025-02-17 14:43:18,712 - INFO - ✅ Successfully extracted data for AAPL.
2025-02-17 14:43:18,730 - INFO - ✅ Data saved for AAPL at ./data/raw/AAPL.csv.
2025-02-17 14:43:18,906 - INFO - ✅ Successfully extracted data for MSFT.
2025-02-17 14:43:18,923 - INFO - ✅ Data saved for MSFT at ./data/raw/MSFT.csv.
2025-02-17 14:43:19,299 - INFO - ✅ Successfully extracted data for GOOGL.
2025-02-17 14:43:19,318 - INFO - ✅ Data saved for GOOGL at ./data/raw/GOOGL.csv.
2025-02-17 14:43:20,131 - INFO - ✅ Successfully extracted data for AMZN.
2025-02-17 14:43:20,151 - INFO - ✅ Data saved for AMZN at ./data/raw/AMZN.csv.
2025-02-17 14:43:20,455 - INFO - ✅ Successfully extracted data for META.
2025-02-17 14:43:20,473 - INFO - ✅ Data saved for META at ./data/raw/META.csv.
2025-02-17 14:43:21,462 - INFO - ✅ Successfully extracted data for TSLA.
2025-02-17 14:43:21,483 - INFO - ✅ Data saved for TSLA at ./data/raw/TSLA.csv.
2025-02-17 14:43:23,609 - INFO - ✅ Successfully extracted data for NVDA.
2025-02-17 14:43:23,628 - INFO - ✅ Data saved for NVDA at ./data/raw/NVDA.csv.
2025-02-17 14:43:23,923 - INFO - ✅ Successfully extracted data for INTC.
2025-02-17 14:43:23,943 - INFO - ✅ Data saved for INTC at ./data/raw/INTC.csv.
2025-02-17 14:43:24,140 - INFO - ✅ Successfully extracted data for IBM.
2025-02-17 14:43:24,158 - INFO - ✅ Data saved for IBM at ./data/raw/IBM.csv.
2025-02-17 14:43:24,462 - INFO - ✅ Successfully extracted data for ORCL.
2025-02-17 14:43:24,479 - INFO - ✅ Data saved for ORCL at ./data/raw/ORCL.csv.
2025-02-17 14:43:24,735 - INFO - ✅ Successfully extracted data for ADBE.
2025-02-17 14:43:24,756 - INFO - ✅ Data saved for ADBE at ./data/raw/ADBE.csv.
2025-02-17 14:43:25,025 - INFO - ✅ Successfully extracted data for JPM.
2025-02-17 14:43:25,044 - INFO - ✅ Data saved for JPM at ./data/raw/JPM.csv.
2025-02-17 14:43:25,279 - INFO - ✅ Successfully extracted data for BAC.
2025-02-17 14:43:25,298 - INFO - ✅ Data saved for BAC at ./data/raw/BAC.csv.
2025-02-17 14:43:25,529 - INFO - ✅ Successfully extracted data for V.
2025-02-17 14:43:25,547 - INFO - ✅ Data saved for V at ./data/raw/V.csv.
2025-02-17 14:43:25,831 - INFO - ✅ Successfully extracted data for MA.
2025-02-17 14:43:25,851 - INFO - ✅ Data saved for MA at ./data/raw/MA.csv.
2025-02-17 14:43:25,961 - ERROR - $PYP: possibly delisted; no price data found  (period=730d)
2025-02-17 14:43:25,961 - WARNING - ❌ Ticker PYP not found or has no data, and will not be included.
2025-02-17 14:43:26,134 - INFO - ✅ Successfully extracted data for WFC.
2025-02-17 14:43:26,152 - INFO - ✅ Data saved for WFC at ./data/raw/WFC.csv.
2025-02-17 14:43:26,374 - INFO - ✅ Successfully extracted data for GS.
2025-02-17 14:43:26,392 - INFO - ✅ Data saved for GS at ./data/raw/GS.csv.
2025-02-17 14:43:26,622 - INFO - ✅ Successfully extracted data for AXP.
2025-02-17 14:43:26,640 - INFO - ✅ Data saved for AXP at ./data/raw/AXP.csv.
2025-02-17 14:43:26,832 - INFO - ✅ Successfully extracted data for KO.
2025-02-17 14:43:26,850 - INFO - ✅ Data saved for KO at ./data/raw/KO.csv.
2025-02-17 14:43:27,083 - INFO - ✅ Successfully extracted data for PEP.
2025-02-17 14:43:27,104 - INFO - ✅ Data saved for PEP at ./data/raw/PEP.csv.
2025-02-17 14:43:27,354 - INFO - ✅ Successfully extracted data for PG.
2025-02-17 14:43:27,373 - INFO - ✅ Data saved for PG at ./data/raw/PG.csv.
2025-02-17 14:43:27,651 - INFO - ✅ Successfully extracted data for JNJ.
2025-02-17 14:43:27,670 - INFO - ✅ Data saved for JNJ at ./data/raw/JNJ.csv.
2025-02-17 14:43:27,853 - INFO - ✅ Successfully extracted data for UL.
2025-02-17 14:43:27,872 - INFO - ✅ Data saved for UL at ./data/raw/UL.csv.
2025-02-17 14:43:28,113 - INFO - ✅ Successfully extracted data for NKE.
2025-02-17 14:43:28,132 - INFO - ✅ Data saved for NKE at ./data/raw/NKE.csv.
2025-02-17 14:43:28,710 - INFO - ✅ Successfully extracted data for WMT.
2025-02-17 14:43:28,727 - INFO - ✅ Data saved for WMT at ./data/raw/WMT.csv.
2025-02-17 14:43:28,974 - INFO - ✅ Successfully extracted data for COST.
2025-02-17 14:43:28,993 - INFO - ✅ Data saved for COST at ./data/raw/COST.csv.
2025-02-17 14:43:29,210 - INFO - ✅ Successfully extracted data for TGT.
2025-02-17 14:43:29,226 - INFO - ✅ Data saved for TGT at ./data/raw/TGT.csv.
2025-02-17 14:43:29,452 - INFO - ✅ Successfully extracted data for MCD.
2025-02-17 14:43:29,469 - INFO - ✅ Data saved for MCD at ./data/raw/MCD.csv.
2025-02-17 14:43:29,681 - INFO - ✅ Successfully extracted data for SBUX.
2025-02-17 14:43:29,699 - INFO - ✅ Data saved for SBUX at ./data/raw/SBUX.csv.
2025-02-17 14:43:29,920 - INFO - ✅ Successfully extracted data for XOM.
2025-02-17 14:43:29,938 - INFO - ✅ Data saved for XOM at ./data/raw/XOM.csv.
2025-02-17 14:43:30,190 - INFO - ✅ Successfully extracted data for CVX.
2025-02-17 14:43:30,206 - INFO - ✅ Data saved for CVX at ./data/raw/CVX.csv.
2025-02-17 14:43:30,459 - INFO - ✅ Successfully extracted data for BP.
2025-02-17 14:43:30,477 - INFO - ✅ Data saved for BP at ./data/raw/BP.csv.
2025-02-17 14:43:30,736 - INFO - ✅ Successfully extracted data for SHEL.
2025-02-17 14:43:30,755 - INFO - ✅ Data saved for SHEL at ./data/raw/SHEL.csv.
2025-02-17 14:43:30,933 - INFO - ✅ Successfully extracted data for COP.
2025-02-17 14:43:30,952 - INFO - ✅ Data saved for COP at ./data/raw/COP.csv.
2025-02-17 14:43:31,289 - INFO - ✅ Successfully extracted data for PFE.
2025-02-17 14:43:31,333 - INFO - ✅ Data saved for PFE at ./data/raw/PFE.csv.
2025-02-17 14:43:31,533 - INFO - ✅ Successfully extracted data for MRNA.
2025-02-17 14:43:31,551 - INFO - ✅ Data saved for MRNA at ./data/raw/MRNA.csv.
2025-02-17 14:43:31,766 - INFO - ✅ Successfully extracted data for LLY.
2025-02-17 14:43:31,783 - INFO - ✅ Data saved for LLY at ./data/raw/LLY.csv.
2025-02-17 14:43:32,014 - INFO - ✅ Successfully extracted data for MRK.
2025-02-17 14:43:32,031 - INFO - ✅ Data saved for MRK at ./data/raw/MRK.csv.
2025-02-17 14:43:32,279 - INFO - ✅ Successfully extracted data for BMY.
2025-02-17 14:43:32,297 - INFO - ✅ Data saved for BMY at ./data/raw/BMY.csv.
2025-02-17 14:43:32,548 - INFO - ✅ Successfully extracted data for F.
2025-02-17 14:43:32,564 - INFO - ✅ Data saved for F at ./data/raw/F.csv.
2025-02-17 14:43:32,807 - INFO - ✅ Successfully extracted data for GM.
2025-02-17 14:43:32,824 - INFO - ✅ Data saved for GM at ./data/raw/GM.csv.
2025-02-17 14:43:33,017 - INFO - ✅ Successfully extracted data for TM.
2025-02-17 14:43:33,035 - INFO - ✅ Data saved for TM at ./data/raw/TM.csv.
2025-02-17 14:43:33,326 - INFO - ✅ Successfully extracted data for RACE.
2025-02-17 14:43:33,341 - INFO - ✅ Data saved for RACE at ./data/raw/RACE.csv.
2025-02-17 14:43:33,565 - INFO - ✅ Successfully extracted data for DIS.
2025-02-17 14:43:33,582 - INFO - ✅ Data saved for DIS at ./data/raw/DIS.csv.
2025-02-17 14:43:33,854 - INFO - ✅ Successfully extracted data for NFLX.
2025-02-17 14:43:33,871 - INFO - ✅ Data saved for NFLX at ./data/raw/NFLX.csv.
2025-02-17 14:43:34,076 - INFO - ✅ Successfully extracted data for WBD.
2025-02-17 14:43:34,093 - INFO - ✅ Data saved for WBD at ./data/raw/WBD.csv.
2025-02-17 14:43:34,463 - INFO - ✅ Successfully extracted data for T.
2025-02-17 14:43:34,480 - INFO - ✅ Data saved for T at ./data/raw/T.csv.
2025-02-17 14:43:34,676 - INFO - ✅ Successfully extracted data for VZ.
2025-02-17 14:43:34,694 - INFO - ✅ Data saved for VZ at ./data/raw/VZ.csv.
2025-02-17 14:43:34,976 - INFO - ✅ Successfully extracted data for TMUS.
2025-02-17 14:43:34,995 - INFO - ✅ Data saved for TMUS at ./data/raw/TMUS.csv.
2025-02-17 14:43:34,995 - INFO - ✅ Downloading the data successfully completed.
2025-02-17 14:43:34,995 - WARNING - ❌ The following tickers could not be processed: PYP
