2025-02-21 11:38:29,018 - INFO - Logging setup complete.
2025-02-21 11:38:29,018 - INFO - Script: download_data.py started.
2025-02-21 11:38:29,018 - INFO - Downloading started.
2025-02-21 11:38:29,832 - ERROR - ❌ An unexpected error occurred while fetching AAPL: Too Many Requests. Rate limited. Try after a while.
2025-02-21 11:38:30,462 - ERROR - ❌ An unexpected error occurred while fetching MSFT: Too Many Requests. Rate limited. Try after a while.
2025-02-21 11:38:31,685 - ERROR - ❌ An unexpected error occurred while fetching GOOGL: Too Many Requests. Rate limited. Try after a while.
2025-02-21 11:38:32,272 - ERROR - ❌ An unexpected error occurred while fetching AMZN: Too Many Requests. Rate limited. Try after a while.
2025-02-21 11:38:33,268 - ERROR - ❌ An unexpected error occurred while fetching META: Too Many Requests. Rate limited. Try after a while.
2025-02-21 11:38:33,954 - ERROR - ❌ An unexpected error occurred while fetching TSLA: Too Many Requests. Rate limited. Try after a while.
2025-02-21 11:38:34,532 - ERROR - ❌ An unexpected error occurred while fetching NVDA: Too Many Requests. Rate limited. Try after a while.
2025-02-21 11:38:35,382 - ERROR - ❌ An unexpected error occurred while fetching INTC: Too Many Requests. Rate limited. Try after a while.
2025-02-21 11:38:35,958 - ERROR - ❌ An unexpected error occurred while fetching IBM: Too Many Requests. Rate limited. Try after a while.
2025-02-21 11:38:36,831 - ERROR - ❌ An unexpected error occurred while fetching ORCL: Too Many Requests. Rate limited. Try after a while.
2025-02-21 11:38:37,637 - ERROR - ❌ An unexpected error occurred while fetching ADBE: Too Many Requests. Rate limited. Try after a while.
2025-02-21 11:38:38,275 - ERROR - ❌ An unexpected error occurred while fetching JPM: Too Many Requests. Rate limited. Try after a while.
2025-02-21 11:38:39,233 - ERROR - ❌ An unexpected error occurred while fetching BAC: Too Many Requests. Rate limited. Try after a while.
2025-02-21 11:38:39,849 - ERROR - ❌ An unexpected error occurred while fetching V: Too Many Requests. Rate limited. Try after a while.
2025-02-21 11:38:40,559 - ERROR - ❌ An unexpected error occurred while fetching MA: Too Many Requests. Rate limited. Try after a while.
2025-02-21 11:38:41,173 - ERROR - ❌ An unexpected error occurred while fetching PYP: Too Many Requests. Rate limited. Try after a while.
2025-02-21 11:38:41,944 - ERROR - ❌ An unexpected error occurred while fetching WFC: Too Many Requests. Rate limited. Try after a while.
2025-02-21 11:38:42,492 - ERROR - ❌ An unexpected error occurred while fetching GS: Too Many Requests. Rate limited. Try after a while.
2025-02-21 11:38:43,215 - ERROR - ❌ An unexpected error occurred while fetching AXP: Too Many Requests. Rate limited. Try after a while.
2025-02-21 11:38:43,823 - ERROR - ❌ An unexpected error occurred while fetching KO: Too Many Requests. Rate limited. Try after a while.
2025-02-21 11:38:44,440 - ERROR - ❌ An unexpected error occurred while fetching PEP: Too Many Requests. Rate limited. Try after a while.
2025-02-21 11:38:45,063 - ERROR - ❌ An unexpected error occurred while fetching PG: Too Many Requests. Rate limited. Try after a while.
2025-02-21 11:38:45,675 - ERROR - ❌ An unexpected error occurred while fetching JNJ: Too Many Requests. Rate limited. Try after a while.
2025-02-21 11:38:46,220 - ERROR - ❌ An unexpected error occurred while fetching UL: Too Many Requests. Rate limited. Try after a while.
2025-02-21 11:38:46,835 - ERROR - ❌ An unexpected error occurred while fetching NKE: Too Many Requests. Rate limited. Try after a while.
2025-02-21 11:38:47,407 - ERROR - ❌ An unexpected error occurred while fetching WMT: Too Many Requests. Rate limited. Try after a while.
2025-02-21 11:38:48,174 - ERROR - ❌ An unexpected error occurred while fetching COST: Too Many Requests. Rate limited. Try after a while.
2025-02-21 11:38:48,753 - ERROR - ❌ An unexpected error occurred while fetching TGT: Too Many Requests. Rate limited. Try after a while.
2025-02-21 11:38:49,311 - ERROR - ❌ An unexpected error occurred while fetching MCD: Too Many Requests. Rate limited. Try after a while.
2025-02-21 11:38:50,425 - ERROR - ❌ An unexpected error occurred while fetching SBUX: Too Many Requests. Rate limited. Try after a while.
2025-02-21 11:38:51,035 - ERROR - ❌ An unexpected error occurred while fetching XOM: Too Many Requests. Rate limited. Try after a while.
2025-02-21 11:38:52,444 - ERROR - ❌ An unexpected error occurred while fetching CVX: Too Many Requests. Rate limited. Try after a while.
2025-02-21 11:38:53,162 - ERROR - ❌ An unexpected error occurred while fetching BP: Too Many Requests. Rate limited. Try after a while.
2025-02-21 11:38:53,750 - ERROR - ❌ An unexpected error occurred while fetching SHEL: Too Many Requests. Rate limited. Try after a while.
2025-02-21 11:38:54,703 - ERROR - ❌ An unexpected error occurred while fetching COP: Too Many Requests. Rate limited. Try after a while.
2025-02-21 11:38:55,577 - ERROR - ❌ An unexpected error occurred while fetching PFE: Too Many Requests. Rate limited. Try after a while.
2025-02-21 11:38:56,110 - ERROR - ❌ An unexpected error occurred while fetching MRNA: Too Many Requests. Rate limited. Try after a while.
2025-02-21 11:38:56,710 - ERROR - ❌ An unexpected error occurred while fetching LLY: Too Many Requests. Rate limited. Try after a while.
2025-02-21 11:38:57,398 - ERROR - ❌ An unexpected error occurred while fetching MRK: Too Many Requests. Rate limited. Try after a while.
2025-02-21 11:38:58,046 - ERROR - ❌ An unexpected error occurred while fetching BMY: Too Many Requests. Rate limited. Try after a while.
2025-02-21 11:38:59,815 - ERROR - ❌ An unexpected error occurred while fetching F: Too Many Requests. Rate limited. Try after a while.
2025-02-21 11:39:00,767 - ERROR - ❌ An unexpected error occurred while fetching GM: Too Many Requests. Rate limited. Try after a while.
2025-02-21 11:39:01,354 - ERROR - ❌ An unexpected error occurred while fetching TM: Too Many Requests. Rate limited. Try after a while.
2025-02-21 11:39:02,173 - ERROR - ❌ An unexpected error occurred while fetching RACE: Too Many Requests. Rate limited. Try after a while.
2025-02-21 11:39:03,094 - ERROR - ❌ An unexpected error occurred while fetching DIS: Too Many Requests. Rate limited. Try after a while.
2025-02-21 11:39:03,718 - ERROR - ❌ An unexpected error occurred while fetching NFLX: Too Many Requests. Rate limited. Try after a while.
2025-02-21 11:39:04,572 - ERROR - ❌ An unexpected error occurred while fetching WBD: Too Many Requests. Rate limited. Try after a while.
2025-02-21 11:39:05,386 - ERROR - ❌ An unexpected error occurred while fetching T: Too Many Requests. Rate limited. Try after a while.
2025-02-21 11:39:06,168 - ERROR - ❌ An unexpected error occurred while fetching VZ: Too Many Requests. Rate limited. Try after a while.
2025-02-21 11:39:06,737 - ERROR - ❌ An unexpected error occurred while fetching TMUS: Too Many Requests. Rate limited. Try after a while.
2025-02-21 11:39:06,737 - INFO - ✅ Downloading the data successfully completed.
2025-02-21 11:39:06,737 - WARNING - ❌ The following tickers could not be processed: AAPL, MSFT, GOOGL, AMZN, META, TSLA, NVDA, INTC, IBM, ORCL, ADBE, JPM, BAC, V, MA, PYP, WFC, GS, AXP, KO, PEP, PG, JNJ, UL, NKE, WMT, COST, TGT, MCD, SBUX, XOM, CVX, BP, SHEL, COP, PFE, MRNA, LLY, MRK, BMY, F, GM, TM, RACE, DIS, NFLX, WBD, T, VZ, TMUS
