2025-03-14 15:29:30,132 - INFO - Logging setup complete.
2025-03-14 15:29:30,132 - INFO - Script: download_data.py started.
2025-03-14 15:29:30,132 - INFO - Downloading started.
2025-03-14 15:29:30,371 - INFO - ✅ Successfully extracted data for AAPL.
2025-03-14 15:29:30,404 - INFO - ✅ Data saved for AAPL at ./data/raw/AAPL.parquet.
2025-03-14 15:29:30,483 - INFO - ✅ Successfully extracted data for MSFT.
2025-03-14 15:29:30,485 - INFO - ✅ Data saved for MSFT at ./data/raw/MSFT.parquet.
2025-03-14 15:29:30,544 - INFO - ✅ Successfully extracted data for GOOGL.
2025-03-14 15:29:30,546 - INFO - ✅ Data saved for GOOGL at ./data/raw/GOOGL.parquet.
2025-03-14 15:29:30,607 - INFO - ✅ Successfully extracted data for AMZN.
2025-03-14 15:29:30,609 - INFO - ✅ Data saved for AMZN at ./data/raw/AMZN.parquet.  
2025-03-14 15:29:30,662 - INFO - ✅ Successfully extracted data for META.
2025-03-14 15:29:30,663 - INFO - ✅ Data saved for META at ./data/raw/META.parquet.
2025-03-14 15:29:30,717 - INFO - ✅ Successfully extracted data for TSLA.
2025-03-14 15:29:30,719 - INFO - ✅ Data saved for TSLA at ./data/raw/TSLA.parquet.
2025-03-14 15:29:30,793 - INFO - ✅ Successfully extracted data for NVDA.
2025-03-14 15:29:30,794 - INFO - ✅ Data saved for NVDA at ./data/raw/NVDA.parquet.
2025-03-14 15:29:30,926 - INFO - ✅ Successfully extracted data for INTC.
2025-03-14 15:29:30,927 - INFO - ✅ Data saved for INTC at ./data/raw/INTC.parquet.
2025-03-14 15:29:31,135 - INFO - ✅ Successfully extracted data for IBM.
2025-03-14 15:29:31,137 - INFO - ✅ Data saved for IBM at ./data/raw/IBM.parquet.
2025-03-14 15:29:31,216 - INFO - ✅ Successfully extracted data for ORCL.
2025-03-14 15:29:31,218 - INFO - ✅ Data saved for ORCL at ./data/raw/ORCL.parquet.
2025-03-14 15:29:31,291 - INFO - ✅ Successfully extracted data for ADBE.
2025-03-14 15:29:31,293 - INFO - ✅ Data saved for ADBE at ./data/raw/ADBE.parquet.
2025-03-14 15:29:31,412 - INFO - ✅ Successfully extracted data for JPM.
2025-03-14 15:29:31,414 - INFO - ✅ Data saved for JPM at ./data/raw/JPM.parquet.
2025-03-14 15:29:31,530 - INFO - ✅ Successfully extracted data for BAC.
2025-03-14 15:29:31,531 - INFO - ✅ Data saved for BAC at ./data/raw/BAC.parquet.
2025-03-14 15:29:31,697 - INFO - ✅ Successfully extracted data for V.
2025-03-14 15:29:31,699 - INFO - ✅ Data saved for V at ./data/raw/V.parquet.
2025-03-14 15:29:31,774 - INFO - ✅ Successfully extracted data for MA.
2025-03-14 15:29:31,776 - INFO - ✅ Data saved for MA at ./data/raw/MA.parquet.
2025-03-14 15:29:31,817 - ERROR - $PYP: possibly delisted; no price data found  (period=730d)
2025-03-14 15:29:31,817 - WARNING - ❌ Ticker PYP not found or has no data, and will not be included.
2025-03-14 15:29:31,962 - INFO - ✅ Successfully extracted data for WFC.
2025-03-14 15:29:31,965 - INFO - ✅ Data saved for WFC at ./data/raw/WFC.parquet.
2025-03-14 15:29:32,052 - INFO - ✅ Successfully extracted data for GS.
2025-03-14 15:29:32,054 - INFO - ✅ Data saved for GS at ./data/raw/GS.parquet.
2025-03-14 15:29:32,159 - INFO - ✅ Successfully extracted data for AXP.
2025-03-14 15:29:32,161 - INFO - ✅ Data saved for AXP at ./data/raw/AXP.parquet.
2025-03-14 15:29:32,279 - INFO - ✅ Successfully extracted data for KO.
2025-03-14 15:29:32,281 - INFO - ✅ Data saved for KO at ./data/raw/KO.parquet.
2025-03-14 15:29:32,392 - INFO - ✅ Successfully extracted data for PEP.
2025-03-14 15:29:32,394 - INFO - ✅ Data saved for PEP at ./data/raw/PEP.parquet.
2025-03-14 15:29:32,521 - INFO - ✅ Successfully extracted data for PG.
2025-03-14 15:29:32,523 - INFO - ✅ Data saved for PG at ./data/raw/PG.parquet.
2025-03-14 15:29:32,706 - INFO - ✅ Successfully extracted data for JNJ.
2025-03-14 15:29:32,708 - INFO - ✅ Data saved for JNJ at ./data/raw/JNJ.parquet.
2025-03-14 15:29:32,818 - INFO - ✅ Successfully extracted data for UL.
2025-03-14 15:29:32,820 - INFO - ✅ Data saved for UL at ./data/raw/UL.parquet.
2025-03-14 15:29:32,928 - INFO - ✅ Successfully extracted data for NKE.
2025-03-14 15:29:32,930 - INFO - ✅ Data saved for NKE at ./data/raw/NKE.parquet.
2025-03-14 15:29:33,071 - INFO - ✅ Successfully extracted data for WMT.
2025-03-14 15:29:33,072 - INFO - ✅ Data saved for WMT at ./data/raw/WMT.parquet.
2025-03-14 15:29:33,163 - INFO - ✅ Successfully extracted data for COST.
2025-03-14 15:29:33,165 - INFO - ✅ Data saved for COST at ./data/raw/COST.parquet.
2025-03-14 15:29:33,287 - INFO - ✅ Successfully extracted data for TGT.
2025-03-14 15:29:33,289 - INFO - ✅ Data saved for TGT at ./data/raw/TGT.parquet.
2025-03-14 15:29:33,412 - INFO - ✅ Successfully extracted data for MCD.
2025-03-14 15:29:33,414 - INFO - ✅ Data saved for MCD at ./data/raw/MCD.parquet.
2025-03-14 15:29:33,495 - INFO - ✅ Successfully extracted data for SBUX.
2025-03-14 15:29:33,497 - INFO - ✅ Data saved for SBUX at ./data/raw/SBUX.parquet.
2025-03-14 15:29:33,658 - INFO - ✅ Successfully extracted data for XOM.
2025-03-14 15:29:33,661 - INFO - ✅ Data saved for XOM at ./data/raw/XOM.parquet.
2025-03-14 15:29:33,800 - INFO - ✅ Successfully extracted data for CVX.
2025-03-14 15:29:33,801 - INFO - ✅ Data saved for CVX at ./data/raw/CVX.parquet.
2025-03-14 15:29:33,985 - INFO - ✅ Successfully extracted data for BP.
2025-03-14 15:29:33,987 - INFO - ✅ Data saved for BP at ./data/raw/BP.parquet.
2025-03-14 15:29:34,114 - INFO - ✅ Successfully extracted data for SHEL.
2025-03-14 15:29:34,116 - INFO - ✅ Data saved for SHEL at ./data/raw/SHEL.parquet.
2025-03-14 15:29:34,242 - INFO - ✅ Successfully extracted data for COP.
2025-03-14 15:29:34,244 - INFO - ✅ Data saved for COP at ./data/raw/COP.parquet.
2025-03-14 15:29:34,378 - INFO - ✅ Successfully extracted data for PFE.
2025-03-14 15:29:34,379 - INFO - ✅ Data saved for PFE at ./data/raw/PFE.parquet.
2025-03-14 15:29:34,448 - INFO - ✅ Successfully extracted data for MRNA.
2025-03-14 15:29:34,449 - INFO - ✅ Data saved for MRNA at ./data/raw/MRNA.parquet.
2025-03-14 15:29:34,571 - INFO - ✅ Successfully extracted data for LLY.
2025-03-14 15:29:34,572 - INFO - ✅ Data saved for LLY at ./data/raw/LLY.parquet.
2025-03-14 15:29:34,706 - INFO - ✅ Successfully extracted data for MRK.
2025-03-14 15:29:34,707 - INFO - ✅ Data saved for MRK at ./data/raw/MRK.parquet.
2025-03-14 15:29:34,858 - INFO - ✅ Successfully extracted data for BMY.
2025-03-14 15:29:34,860 - INFO - ✅ Data saved for BMY at ./data/raw/BMY.parquet.
2025-03-14 15:29:34,986 - INFO - ✅ Successfully extracted data for F.
2025-03-14 15:29:34,988 - INFO - ✅ Data saved for F at ./data/raw/F.parquet.
2025-03-14 15:29:35,078 - INFO - ✅ Successfully extracted data for GM.
2025-03-14 15:29:35,080 - INFO - ✅ Data saved for GM at ./data/raw/GM.parquet.
2025-03-14 15:29:35,170 - INFO - ✅ Successfully extracted data for TM.
2025-03-14 15:29:35,172 - INFO - ✅ Data saved for TM at ./data/raw/TM.parquet.
2025-03-14 15:29:35,242 - INFO - ✅ Successfully extracted data for RACE.
2025-03-14 15:29:35,244 - INFO - ✅ Data saved for RACE at ./data/raw/RACE.parquet.
2025-03-14 15:29:35,410 - INFO - ✅ Successfully extracted data for DIS.
2025-03-14 15:29:35,412 - INFO - ✅ Data saved for DIS at ./data/raw/DIS.parquet.
2025-03-14 15:29:35,473 - INFO - ✅ Successfully extracted data for NFLX.
2025-03-14 15:29:35,475 - INFO - ✅ Data saved for NFLX at ./data/raw/NFLX.parquet.
2025-03-14 15:29:35,536 - INFO - ✅ Successfully extracted data for WBD.
2025-03-14 15:29:35,537 - INFO - ✅ Data saved for WBD at ./data/raw/WBD.parquet.
2025-03-14 15:29:35,646 - INFO - ✅ Successfully extracted data for T.
2025-03-14 15:29:35,647 - INFO - ✅ Data saved for T at ./data/raw/T.parquet.
2025-03-14 15:29:35,747 - INFO - ✅ Successfully extracted data for VZ.
2025-03-14 15:29:35,749 - INFO - ✅ Data saved for VZ at ./data/raw/VZ.parquet.
2025-03-14 15:29:35,838 - INFO - ✅ Successfully extracted data for TMUS.
2025-03-14 15:29:35,839 - INFO - ✅ Data saved for TMUS at ./data/raw/TMUS.parquet.
2025-03-14 15:29:35,839 - INFO - ✅ Downloading the data successfully completed.
2025-03-14 15:29:35,839 - WARNING - ❌ The following tickers could not be processed: PYP
