2025-02-18 12:21:36,112 - INFO - Logging setup complete.
2025-02-18 12:21:36,112 - INFO - Script: download_data started.
2025-02-18 12:21:36,112 - INFO - Downloading started.
2025-02-18 12:21:36,626 - INFO - ✅ Successfully extracted data for AAPL.
2025-02-18 12:21:36,642 - INFO - ✅ Data saved for AAPL at ./data/raw/AAPL.parquet.
2025-02-18 12:21:36,849 - INFO - ✅ Successfully extracted data for MSFT.
2025-02-18 12:21:36,852 - INFO - ✅ Data saved for MSFT at ./data/raw/MSFT.parquet.
2025-02-18 12:21:37,291 - INFO - ✅ Successfully extracted data for GOOGL.
2025-02-18 12:21:37,294 - INFO - ✅ Data saved for GOOGL at ./data/raw/GOOGL.parquet.
2025-02-18 12:21:37,732 - INFO - ✅ Successfully extracted data for AMZN.
2025-02-18 12:21:37,735 - INFO - ✅ Data saved for AMZN at ./data/raw/AMZN.parquet.
2025-02-18 12:21:37,976 - INFO - ✅ Successfully extracted data for META.
2025-02-18 12:21:37,979 - INFO - ✅ Data saved for META at ./data/raw/META.parquet.
2025-02-18 12:21:38,420 - INFO - ✅ Successfully extracted data for TSLA.
2025-02-18 12:21:38,424 - INFO - ✅ Data saved for TSLA at ./data/raw/TSLA.parquet.
2025-02-18 12:21:40,361 - INFO - ✅ Successfully extracted data for NVDA.
2025-02-18 12:21:40,365 - INFO - ✅ Data saved for NVDA at ./data/raw/NVDA.parquet.
2025-02-18 12:21:40,601 - INFO - ✅ Successfully extracted data for INTC.
2025-02-18 12:21:40,604 - INFO - ✅ Data saved for INTC at ./data/raw/INTC.parquet.
2025-02-18 12:21:40,834 - INFO - ✅ Successfully extracted data for IBM.
2025-02-18 12:21:40,838 - INFO - ✅ Data saved for IBM at ./data/raw/IBM.parquet.
2025-02-18 12:21:41,047 - INFO - ✅ Successfully extracted data for ORCL.
2025-02-18 12:21:41,049 - INFO - ✅ Data saved for ORCL at ./data/raw/ORCL.parquet.
2025-02-18 12:21:41,235 - INFO - ✅ Successfully extracted data for ADBE.
2025-02-18 12:21:41,239 - INFO - ✅ Data saved for ADBE at ./data/raw/ADBE.parquet.
2025-02-18 12:21:41,491 - INFO - ✅ Successfully extracted data for JPM.
2025-02-18 12:21:41,494 - INFO - ✅ Data saved for JPM at ./data/raw/JPM.parquet.
2025-02-18 12:21:41,689 - INFO - ✅ Successfully extracted data for BAC.
2025-02-18 12:21:41,692 - INFO - ✅ Data saved for BAC at ./data/raw/BAC.parquet.
2025-02-18 12:21:41,897 - INFO - ✅ Successfully extracted data for V.
2025-02-18 12:21:41,900 - INFO - ✅ Data saved for V at ./data/raw/V.parquet.
2025-02-18 12:21:42,115 - INFO - ✅ Successfully extracted data for MA.
2025-02-18 12:21:42,119 - INFO - ✅ Data saved for MA at ./data/raw/MA.parquet.
2025-02-18 12:21:42,169 - ERROR - $PYP: possibly delisted; no price data found  (period=730d)
2025-02-18 12:21:42,169 - WARNING - ❌ Ticker PYP not found or has no data, and will not be included.
2025-02-18 12:21:42,408 - INFO - ✅ Successfully extracted data for WFC.
2025-02-18 12:21:42,411 - INFO - ✅ Data saved for WFC at ./data/raw/WFC.parquet.
2025-02-18 12:21:42,666 - INFO - ✅ Successfully extracted data for GS.
2025-02-18 12:21:42,669 - INFO - ✅ Data saved for GS at ./data/raw/GS.parquet.
2025-02-18 12:21:42,926 - INFO - ✅ Successfully extracted data for AXP.
2025-02-18 12:21:42,930 - INFO - ✅ Data saved for AXP at ./data/raw/AXP.parquet.
2025-02-18 12:21:43,158 - INFO - ✅ Successfully extracted data for KO.
2025-02-18 12:21:43,161 - INFO - ✅ Data saved for KO at ./data/raw/KO.parquet.
2025-02-18 12:21:43,352 - INFO - ✅ Successfully extracted data for PEP.
2025-02-18 12:21:43,356 - INFO - ✅ Data saved for PEP at ./data/raw/PEP.parquet.
2025-02-18 12:21:43,577 - INFO - ✅ Successfully extracted data for PG.
2025-02-18 12:21:43,580 - INFO - ✅ Data saved for PG at ./data/raw/PG.parquet.
2025-02-18 12:21:43,786 - INFO - ✅ Successfully extracted data for JNJ.
2025-02-18 12:21:43,790 - INFO - ✅ Data saved for JNJ at ./data/raw/JNJ.parquet.
2025-02-18 12:21:44,005 - INFO - ✅ Successfully extracted data for UL.
2025-02-18 12:21:44,008 - INFO - ✅ Data saved for UL at ./data/raw/UL.parquet.
2025-02-18 12:21:44,204 - INFO - ✅ Successfully extracted data for NKE.
2025-02-18 12:21:44,207 - INFO - ✅ Data saved for NKE at ./data/raw/NKE.parquet.
2025-02-18 12:21:45,075 - INFO - ✅ Successfully extracted data for WMT.
2025-02-18 12:21:45,079 - INFO - ✅ Data saved for WMT at ./data/raw/WMT.parquet.
2025-02-18 12:21:45,290 - INFO - ✅ Successfully extracted data for COST.
2025-02-18 12:21:45,294 - INFO - ✅ Data saved for COST at ./data/raw/COST.parquet.
2025-02-18 12:21:45,511 - INFO - ✅ Successfully extracted data for TGT.
2025-02-18 12:21:45,514 - INFO - ✅ Data saved for TGT at ./data/raw/TGT.parquet.
2025-02-18 12:21:45,712 - INFO - ✅ Successfully extracted data for MCD.
2025-02-18 12:21:45,715 - INFO - ✅ Data saved for MCD at ./data/raw/MCD.parquet.
2025-02-18 12:21:45,905 - INFO - ✅ Successfully extracted data for SBUX.
2025-02-18 12:21:45,908 - INFO - ✅ Data saved for SBUX at ./data/raw/SBUX.parquet.
2025-02-18 12:21:46,114 - INFO - ✅ Successfully extracted data for XOM.
2025-02-18 12:21:46,117 - INFO - ✅ Data saved for XOM at ./data/raw/XOM.parquet.
2025-02-18 12:21:46,360 - INFO - ✅ Successfully extracted data for CVX.
2025-02-18 12:21:46,364 - INFO - ✅ Data saved for CVX at ./data/raw/CVX.parquet.
2025-02-18 12:21:46,572 - INFO - ✅ Successfully extracted data for BP.
2025-02-18 12:21:46,576 - INFO - ✅ Data saved for BP at ./data/raw/BP.parquet.
2025-02-18 12:21:46,815 - INFO - ✅ Successfully extracted data for SHEL.
2025-02-18 12:21:46,818 - INFO - ✅ Data saved for SHEL at ./data/raw/SHEL.parquet.
2025-02-18 12:21:47,016 - INFO - ✅ Successfully extracted data for COP.
2025-02-18 12:21:47,019 - INFO - ✅ Data saved for COP at ./data/raw/COP.parquet.
2025-02-18 12:21:47,264 - INFO - ✅ Successfully extracted data for PFE.
2025-02-18 12:21:47,266 - INFO - ✅ Data saved for PFE at ./data/raw/PFE.parquet.
2025-02-18 12:21:47,510 - INFO - ✅ Successfully extracted data for MRNA.
2025-02-18 12:21:47,513 - INFO - ✅ Data saved for MRNA at ./data/raw/MRNA.parquet.
2025-02-18 12:21:47,738 - INFO - ✅ Successfully extracted data for LLY.
2025-02-18 12:21:47,741 - INFO - ✅ Data saved for LLY at ./data/raw/LLY.parquet.
2025-02-18 12:21:47,982 - INFO - ✅ Successfully extracted data for MRK.
2025-02-18 12:21:47,985 - INFO - ✅ Data saved for MRK at ./data/raw/MRK.parquet.
2025-02-18 12:21:48,185 - INFO - ✅ Successfully extracted data for BMY.
2025-02-18 12:21:48,188 - INFO - ✅ Data saved for BMY at ./data/raw/BMY.parquet.
2025-02-18 12:21:48,426 - INFO - ✅ Successfully extracted data for F.
2025-02-18 12:21:48,430 - INFO - ✅ Data saved for F at ./data/raw/F.parquet.
2025-02-18 12:21:48,652 - INFO - ✅ Successfully extracted data for GM.
2025-02-18 12:21:48,655 - INFO - ✅ Data saved for GM at ./data/raw/GM.parquet.
2025-02-18 12:21:48,880 - INFO - ✅ Successfully extracted data for TM.
2025-02-18 12:21:48,884 - INFO - ✅ Data saved for TM at ./data/raw/TM.parquet.
2025-02-18 12:21:49,166 - INFO - ✅ Successfully extracted data for RACE.
2025-02-18 12:21:49,168 - INFO - ✅ Data saved for RACE at ./data/raw/RACE.parquet.
2025-02-18 12:21:49,470 - INFO - ✅ Successfully extracted data for DIS.
2025-02-18 12:21:49,474 - INFO - ✅ Data saved for DIS at ./data/raw/DIS.parquet.
2025-02-18 12:21:49,677 - INFO - ✅ Successfully extracted data for NFLX.
2025-02-18 12:21:49,681 - INFO - ✅ Data saved for NFLX at ./data/raw/NFLX.parquet.
2025-02-18 12:21:49,887 - INFO - ✅ Successfully extracted data for WBD.
2025-02-18 12:21:49,890 - INFO - ✅ Data saved for WBD at ./data/raw/WBD.parquet.
2025-02-18 12:21:50,372 - INFO - ✅ Successfully extracted data for T.
2025-02-18 12:21:50,374 - INFO - ✅ Data saved for T at ./data/raw/T.parquet.
2025-02-18 12:21:50,604 - INFO - ✅ Successfully extracted data for VZ.
2025-02-18 12:21:50,607 - INFO - ✅ Data saved for VZ at ./data/raw/VZ.parquet.
2025-02-18 12:21:50,798 - INFO - ✅ Successfully extracted data for TMUS.
2025-02-18 12:21:50,801 - INFO - ✅ Data saved for TMUS at ./data/raw/TMUS.parquet.
2025-02-18 12:21:50,801 - INFO - ✅ Downloading the data successfully completed.
2025-02-18 12:21:50,801 - WARNING - ❌ The following tickers could not be processed: PYP
