2025-02-17 14:44:39,195 - INFO - Logging setup complete.
2025-02-17 14:44:39,195 - INFO - Script: preprocess_chronos started.
2025-02-17 14:44:39,195 - INFO - Processing started.
2025-02-17 14:44:39,208 - INFO - ✅ The data of TM has no missing values.
2025-02-17 14:44:39,210 - INFO - ✅ Data for TM normalized successfully.
2025-02-17 14:44:39,211 - INFO - ✅ Data for TM converted to Chronos format.
2025-02-17 14:44:39,230 - INFO - ✅ Chronos data saved for TM at ./data/chronos/TM.csv.
2025-02-17 14:44:39,239 - INFO - ✅ The data of V has no missing values.
2025-02-17 14:44:39,240 - INFO - ✅ Data for V normalized successfully.
2025-02-17 14:44:39,241 - INFO - ✅ Data for V converted to Chronos format.
2025-02-17 14:44:39,259 - INFO - ✅ Chronos data saved for V at ./data/chronos/V.csv.
2025-02-17 14:44:39,269 - INFO - ✅ The data of T has no missing values.
2025-02-17 14:44:39,270 - INFO - ✅ Data for T normalized successfully.
2025-02-17 14:44:39,271 - INFO - ✅ Data for T converted to Chronos format.
2025-02-17 14:44:39,289 - INFO - ✅ Chronos data saved for T at ./data/chronos/T.csv.
2025-02-17 14:44:39,299 - INFO - ✅ The data of BAC has no missing values.
2025-02-17 14:44:39,301 - INFO - ✅ Data for BAC normalized successfully.
2025-02-17 14:44:39,301 - INFO - ✅ Data for BAC converted to Chronos format.
2025-02-17 14:44:39,319 - INFO - ✅ Chronos data saved for BAC at ./data/chronos/BAC.csv.
2025-02-17 14:44:39,329 - INFO - ✅ The data of WBD has no missing values.
2025-02-17 14:44:39,330 - INFO - ✅ Data for WBD normalized successfully.
2025-02-17 14:44:39,331 - INFO - ✅ Data for WBD converted to Chronos format.
2025-02-17 14:44:39,349 - INFO - ✅ Chronos data saved for WBD at ./data/chronos/WBD.csv.
2025-02-17 14:44:39,358 - INFO - ✅ The data of SHEL has no missing values.
2025-02-17 14:44:39,360 - INFO - ✅ Data for SHEL normalized successfully.
2025-02-17 14:44:39,360 - INFO - ✅ Data for SHEL converted to Chronos format.
2025-02-17 14:44:39,378 - INFO - ✅ Chronos data saved for SHEL at ./data/chronos/SHEL.csv.
2025-02-17 14:44:39,387 - INFO - ✅ The data of BP has no missing values.
2025-02-17 14:44:39,388 - INFO - ✅ Data for BP normalized successfully.
2025-02-17 14:44:39,389 - INFO - ✅ Data for BP converted to Chronos format.
2025-02-17 14:44:39,406 - INFO - ✅ Chronos data saved for BP at ./data/chronos/BP.csv.
2025-02-17 14:44:39,416 - INFO - ✅ The data of F has no missing values.
2025-02-17 14:44:39,417 - INFO - ✅ Data for F normalized successfully.
2025-02-17 14:44:39,417 - INFO - ✅ Data for F converted to Chronos format.
2025-02-17 14:44:39,436 - INFO - ✅ Chronos data saved for F at ./data/chronos/F.csv.
2025-02-17 14:44:39,445 - INFO - ✅ The data of ADBE has no missing values.
2025-02-17 14:44:39,446 - INFO - ✅ Data for ADBE normalized successfully.
2025-02-17 14:44:39,446 - INFO - ✅ Data for ADBE converted to Chronos format.
2025-02-17 14:44:39,464 - INFO - ✅ Chronos data saved for ADBE at ./data/chronos/ADBE.csv.
2025-02-17 14:44:39,474 - INFO - ✅ The data of PEP has no missing values.
2025-02-17 14:44:39,475 - INFO - ✅ Data for PEP normalized successfully.
2025-02-17 14:44:39,475 - INFO - ✅ Data for PEP converted to Chronos format.
2025-02-17 14:44:39,493 - INFO - ✅ Chronos data saved for PEP at ./data/chronos/PEP.csv.
2025-02-17 14:44:39,503 - INFO - ✅ The data of LLY has no missing values.
2025-02-17 14:44:39,504 - INFO - ✅ Data for LLY normalized successfully.
2025-02-17 14:44:39,505 - INFO - ✅ Data for LLY converted to Chronos format.
2025-02-17 14:44:39,521 - INFO - ✅ Chronos data saved for LLY at ./data/chronos/LLY.csv.
2025-02-17 14:44:39,530 - INFO - ✅ The data of COST has no missing values.
2025-02-17 14:44:39,531 - INFO - ✅ Data for COST normalized successfully.
2025-02-17 14:44:39,531 - INFO - ✅ Data for COST converted to Chronos format.
2025-02-17 14:44:39,547 - INFO - ✅ Chronos data saved for COST at ./data/chronos/COST.csv.
2025-02-17 14:44:39,556 - INFO - ✅ The data of UL has no missing values.
2025-02-17 14:44:39,557 - INFO - ✅ Data for UL normalized successfully.
2025-02-17 14:44:39,558 - INFO - ✅ Data for UL converted to Chronos format.
2025-02-17 14:44:39,573 - INFO - ✅ Chronos data saved for UL at ./data/chronos/UL.csv.
2025-02-17 14:44:39,582 - INFO - ✅ The data of MRK has no missing values.
2025-02-17 14:44:39,583 - INFO - ✅ Data for MRK normalized successfully.
2025-02-17 14:44:39,584 - INFO - ✅ Data for MRK converted to Chronos format.
2025-02-17 14:44:39,602 - INFO - ✅ Chronos data saved for MRK at ./data/chronos/MRK.csv.
2025-02-17 14:44:39,612 - INFO - ✅ The data of ORCL has no missing values.
2025-02-17 14:44:39,613 - INFO - ✅ Data for ORCL normalized successfully.
2025-02-17 14:44:39,614 - INFO - ✅ Data for ORCL converted to Chronos format.
2025-02-17 14:44:39,632 - INFO - ✅ Chronos data saved for ORCL at ./data/chronos/ORCL.csv.
2025-02-17 14:44:39,642 - INFO - ✅ The data of SBUX has no missing values.
2025-02-17 14:44:39,643 - INFO - ✅ Data for SBUX normalized successfully.
2025-02-17 14:44:39,644 - INFO - ✅ Data for SBUX converted to Chronos format.
2025-02-17 14:44:39,661 - INFO - ✅ Chronos data saved for SBUX at ./data/chronos/SBUX.csv.
2025-02-17 14:44:39,688 - INFO - ✅ The data of PG has no missing values.
2025-02-17 14:44:39,690 - INFO - ✅ Data for PG normalized successfully.
2025-02-17 14:44:39,690 - INFO - ✅ Data for PG converted to Chronos format.
2025-02-17 14:44:39,708 - INFO - ✅ Chronos data saved for PG at ./data/chronos/PG.csv.
2025-02-17 14:44:39,718 - INFO - ✅ The data of MCD has no missing values.
2025-02-17 14:44:39,719 - INFO - ✅ Data for MCD normalized successfully.
2025-02-17 14:44:39,720 - INFO - ✅ Data for MCD converted to Chronos format.
2025-02-17 14:44:39,738 - INFO - ✅ Chronos data saved for MCD at ./data/chronos/MCD.csv.
2025-02-17 14:44:39,748 - INFO - ✅ The data of AMZN has no missing values.
2025-02-17 14:44:39,749 - INFO - ✅ Data for AMZN normalized successfully.
2025-02-17 14:44:39,750 - INFO - ✅ Data for AMZN converted to Chronos format.
2025-02-17 14:44:39,767 - INFO - ✅ Chronos data saved for AMZN at ./data/chronos/AMZN.csv.
2025-02-17 14:44:39,776 - INFO - ✅ The data of INTC has no missing values.
2025-02-17 14:44:39,778 - INFO - ✅ Data for INTC normalized successfully.
2025-02-17 14:44:39,778 - INFO - ✅ Data for INTC converted to Chronos format.
2025-02-17 14:44:39,796 - INFO - ✅ Chronos data saved for INTC at ./data/chronos/INTC.csv.
2025-02-17 14:44:39,806 - INFO - ✅ The data of GM has no missing values.
2025-02-17 14:44:39,807 - INFO - ✅ Data for GM normalized successfully.
2025-02-17 14:44:39,808 - INFO - ✅ Data for GM converted to Chronos format.
2025-02-17 14:44:39,827 - INFO - ✅ Chronos data saved for GM at ./data/chronos/GM.csv.
2025-02-17 14:44:39,836 - INFO - ✅ The data of KO has no missing values.
2025-02-17 14:44:39,837 - INFO - ✅ Data for KO normalized successfully.
2025-02-17 14:44:39,838 - INFO - ✅ Data for KO converted to Chronos format.
2025-02-17 14:44:39,855 - INFO - ✅ Chronos data saved for KO at ./data/chronos/KO.csv.
2025-02-17 14:44:39,865 - INFO - ✅ The data of MSFT has no missing values.
2025-02-17 14:44:39,866 - INFO - ✅ Data for MSFT normalized successfully.
2025-02-17 14:44:39,867 - INFO - ✅ Data for MSFT converted to Chronos format.
2025-02-17 14:44:39,885 - INFO - ✅ Chronos data saved for MSFT at ./data/chronos/MSFT.csv.
2025-02-17 14:44:39,894 - INFO - ✅ The data of NVDA has no missing values.
2025-02-17 14:44:39,895 - INFO - ✅ Data for NVDA normalized successfully.
2025-02-17 14:44:39,895 - INFO - ✅ Data for NVDA converted to Chronos format.
2025-02-17 14:44:39,910 - INFO - ✅ Chronos data saved for NVDA at ./data/chronos/NVDA.csv.
2025-02-17 14:44:39,919 - INFO - ✅ The data of AXP has no missing values.
2025-02-17 14:44:39,920 - INFO - ✅ Data for AXP normalized successfully.
2025-02-17 14:44:39,920 - INFO - ✅ Data for AXP converted to Chronos format.
2025-02-17 14:44:39,935 - INFO - ✅ Chronos data saved for AXP at ./data/chronos/AXP.csv.
2025-02-17 14:44:39,944 - INFO - ✅ The data of XOM has no missing values.
2025-02-17 14:44:39,945 - INFO - ✅ Data for XOM normalized successfully.
2025-02-17 14:44:39,945 - INFO - ✅ Data for XOM converted to Chronos format.
2025-02-17 14:44:39,959 - INFO - ✅ Chronos data saved for XOM at ./data/chronos/XOM.csv.
2025-02-17 14:44:39,968 - INFO - ✅ The data of CVX has no missing values.
2025-02-17 14:44:39,969 - INFO - ✅ Data for CVX normalized successfully.
2025-02-17 14:44:39,969 - INFO - ✅ Data for CVX converted to Chronos format.
2025-02-17 14:44:39,984 - INFO - ✅ Chronos data saved for CVX at ./data/chronos/CVX.csv.
2025-02-17 14:44:39,993 - INFO - ✅ The data of NKE has no missing values.
2025-02-17 14:44:39,994 - INFO - ✅ Data for NKE normalized successfully.
2025-02-17 14:44:39,994 - INFO - ✅ Data for NKE converted to Chronos format.
2025-02-17 14:44:40,008 - INFO - ✅ Chronos data saved for NKE at ./data/chronos/NKE.csv.
2025-02-17 14:44:40,017 - INFO - ✅ The data of IBM has no missing values.
2025-02-17 14:44:40,018 - INFO - ✅ Data for IBM normalized successfully.
2025-02-17 14:44:40,018 - INFO - ✅ Data for IBM converted to Chronos format.
2025-02-17 14:44:40,033 - INFO - ✅ Chronos data saved for IBM at ./data/chronos/IBM.csv.
2025-02-17 14:44:40,041 - INFO - ✅ The data of WFC has no missing values.
2025-02-17 14:44:40,042 - INFO - ✅ Data for WFC normalized successfully.
2025-02-17 14:44:40,043 - INFO - ✅ Data for WFC converted to Chronos format.
2025-02-17 14:44:40,057 - INFO - ✅ Chronos data saved for WFC at ./data/chronos/WFC.csv.
2025-02-17 14:44:40,065 - INFO - ✅ The data of GS has no missing values.
2025-02-17 14:44:40,066 - INFO - ✅ Data for GS normalized successfully.
2025-02-17 14:44:40,066 - INFO - ✅ Data for GS converted to Chronos format.
2025-02-17 14:44:40,081 - INFO - ✅ Chronos data saved for GS at ./data/chronos/GS.csv.
2025-02-17 14:44:40,090 - INFO - ✅ The data of DIS has no missing values.
2025-02-17 14:44:40,091 - INFO - ✅ Data for DIS normalized successfully.
2025-02-17 14:44:40,091 - INFO - ✅ Data for DIS converted to Chronos format.
2025-02-17 14:44:40,106 - INFO - ✅ Chronos data saved for DIS at ./data/chronos/DIS.csv.
2025-02-17 14:44:40,114 - INFO - ✅ The data of NFLX has no missing values.
2025-02-17 14:44:40,115 - INFO - ✅ Data for NFLX normalized successfully.
2025-02-17 14:44:40,115 - INFO - ✅ Data for NFLX converted to Chronos format.
2025-02-17 14:44:40,130 - INFO - ✅ Chronos data saved for NFLX at ./data/chronos/NFLX.csv.
2025-02-17 14:44:40,138 - INFO - ✅ The data of JPM has no missing values.
2025-02-17 14:44:40,139 - INFO - ✅ Data for JPM normalized successfully.
2025-02-17 14:44:40,140 - INFO - ✅ Data for JPM converted to Chronos format.
2025-02-17 14:44:40,154 - INFO - ✅ Chronos data saved for JPM at ./data/chronos/JPM.csv.
2025-02-17 14:44:40,162 - INFO - ✅ The data of MRNA has no missing values.
2025-02-17 14:44:40,163 - INFO - ✅ Data for MRNA normalized successfully.
2025-02-17 14:44:40,164 - INFO - ✅ Data for MRNA converted to Chronos format.
2025-02-17 14:44:40,178 - INFO - ✅ Chronos data saved for MRNA at ./data/chronos/MRNA.csv.
2025-02-17 14:44:40,200 - INFO - ✅ The data of TSLA has no missing values.
2025-02-17 14:44:40,201 - INFO - ✅ Data for TSLA normalized successfully.
2025-02-17 14:44:40,201 - INFO - ✅ Data for TSLA converted to Chronos format.
2025-02-17 14:44:40,216 - INFO - ✅ Chronos data saved for TSLA at ./data/chronos/TSLA.csv.
2025-02-17 14:44:40,225 - INFO - ✅ The data of COP has no missing values.
2025-02-17 14:44:40,226 - INFO - ✅ Data for COP normalized successfully.
2025-02-17 14:44:40,226 - INFO - ✅ Data for COP converted to Chronos format.
2025-02-17 14:44:40,241 - INFO - ✅ Chronos data saved for COP at ./data/chronos/COP.csv.
2025-02-17 14:44:40,249 - INFO - ✅ The data of GOOGL has no missing values.
2025-02-17 14:44:40,250 - INFO - ✅ Data for GOOGL normalized successfully.
2025-02-17 14:44:40,251 - INFO - ✅ Data for GOOGL converted to Chronos format.
2025-02-17 14:44:40,264 - INFO - ✅ Chronos data saved for GOOGL at ./data/chronos/GOOGL.csv.
2025-02-17 14:44:40,272 - INFO - ✅ The data of META has no missing values.
2025-02-17 14:44:40,273 - INFO - ✅ Data for META normalized successfully.
2025-02-17 14:44:40,274 - INFO - ✅ Data for META converted to Chronos format.
2025-02-17 14:44:40,289 - INFO - ✅ Chronos data saved for META at ./data/chronos/META.csv.
2025-02-17 14:44:40,297 - INFO - ✅ The data of RACE has no missing values.
2025-02-17 14:44:40,298 - INFO - ✅ Data for RACE normalized successfully.
2025-02-17 14:44:40,299 - INFO - ✅ Data for RACE converted to Chronos format.
2025-02-17 14:44:40,313 - INFO - ✅ Chronos data saved for RACE at ./data/chronos/RACE.csv.
2025-02-17 14:44:40,343 - INFO - ✅ The data of PFE has no missing values.
2025-02-17 14:44:40,345 - INFO - ✅ Data for PFE normalized successfully.
2025-02-17 14:44:40,345 - INFO - ✅ Data for PFE converted to Chronos format.
2025-02-17 14:44:40,364 - INFO - ✅ Chronos data saved for PFE at ./data/chronos/PFE.csv.
2025-02-17 14:44:40,372 - INFO - ✅ The data of VZ has no missing values.
2025-02-17 14:44:40,374 - INFO - ✅ Data for VZ normalized successfully.
2025-02-17 14:44:40,374 - INFO - ✅ Data for VZ converted to Chronos format.
2025-02-17 14:44:40,388 - INFO - ✅ Chronos data saved for VZ at ./data/chronos/VZ.csv.
2025-02-17 14:44:40,397 - INFO - ✅ The data of MA has no missing values.
2025-02-17 14:44:40,398 - INFO - ✅ Data for MA normalized successfully.
2025-02-17 14:44:40,398 - INFO - ✅ Data for MA converted to Chronos format.
2025-02-17 14:44:40,413 - INFO - ✅ Chronos data saved for MA at ./data/chronos/MA.csv.
2025-02-17 14:44:40,421 - INFO - ✅ The data of TGT has no missing values.
2025-02-17 14:44:40,422 - INFO - ✅ Data for TGT normalized successfully.
2025-02-17 14:44:40,422 - INFO - ✅ Data for TGT converted to Chronos format.
2025-02-17 14:44:40,437 - INFO - ✅ Chronos data saved for TGT at ./data/chronos/TGT.csv.
2025-02-17 14:44:40,446 - INFO - ✅ The data of AAPL has no missing values.
2025-02-17 14:44:40,447 - INFO - ✅ Data for AAPL normalized successfully.
2025-02-17 14:44:40,447 - INFO - ✅ Data for AAPL converted to Chronos format.
2025-02-17 14:44:40,462 - INFO - ✅ Chronos data saved for AAPL at ./data/chronos/AAPL.csv.
2025-02-17 14:44:40,472 - INFO - ✅ The data of TMUS has no missing values.
2025-02-17 14:44:40,473 - INFO - ✅ Data for TMUS normalized successfully.
2025-02-17 14:44:40,473 - INFO - ✅ Data for TMUS converted to Chronos format.
2025-02-17 14:44:40,488 - INFO - ✅ Chronos data saved for TMUS at ./data/chronos/TMUS.csv.
2025-02-17 14:44:40,496 - INFO - ✅ The data of WMT has no missing values.
2025-02-17 14:44:40,498 - INFO - ✅ Data for WMT normalized successfully.
2025-02-17 14:44:40,498 - INFO - ✅ Data for WMT converted to Chronos format.
2025-02-17 14:44:40,513 - INFO - ✅ Chronos data saved for WMT at ./data/chronos/WMT.csv.
2025-02-17 14:44:40,522 - INFO - ✅ The data of BMY has no missing values.
2025-02-17 14:44:40,523 - INFO - ✅ Data for BMY normalized successfully.
2025-02-17 14:44:40,523 - INFO - ✅ Data for BMY converted to Chronos format.
2025-02-17 14:44:40,538 - INFO - ✅ Chronos data saved for BMY at ./data/chronos/BMY.csv.
2025-02-17 14:44:40,547 - INFO - ✅ The data of JNJ has no missing values.
2025-02-17 14:44:40,548 - INFO - ✅ Data for JNJ normalized successfully.
2025-02-17 14:44:40,548 - INFO - ✅ Data for JNJ converted to Chronos format.
2025-02-17 14:44:40,563 - INFO - ✅ Chronos data saved for JNJ at ./data/chronos/JNJ.csv.
2025-02-17 14:44:40,563 - INFO - ✅ Processing completed successfully.
