2025-02-18 22:17:07,725 - INFO - Logging setup complete.
2025-02-18 22:17:07,725 - INFO - Script: preprocess_chronos started.
2025-02-18 22:17:07,725 - INFO - Starting data preprocessing.
2025-02-18 22:17:07,741 - INFO - ✅ The data of SHEL has no missing values.
2025-02-18 22:17:07,742 - INFO - ✅ Data for SHEL normalized successfully.
2025-02-18 22:17:07,745 - INFO - ✅ The data of SHEL successfully converted to Chronos format.
2025-02-18 22:17:07,748 - INFO - ✅ Chronos data saved for SHEL at ./data/chronos/SHEL.parquet.
2025-02-18 22:17:07,750 - INFO - ✅ The data of TGT has no missing values.
2025-02-18 22:17:07,751 - INFO - ✅ Data for TGT normalized successfully.
2025-02-18 22:17:07,753 - INFO - ✅ The data of TGT successfully converted to Chronos format.
2025-02-18 22:17:07,755 - INFO - ✅ Chronos data saved for TGT at ./data/chronos/TGT.parquet.
2025-02-18 22:17:07,757 - INFO - ✅ The data of AMZN has no missing values.
2025-02-18 22:17:07,758 - INFO - ✅ Data for AMZN normalized successfully.
2025-02-18 22:17:07,760 - INFO - ✅ The data of AMZN successfully converted to Chronos format.
2025-02-18 22:17:07,763 - INFO - ✅ Chronos data saved for AMZN at ./data/chronos/AMZN.parquet.
2025-02-18 22:17:07,765 - INFO - ✅ The data of KO has no missing values.
2025-02-18 22:17:07,766 - INFO - ✅ Data for KO normalized successfully.
2025-02-18 22:17:07,768 - INFO - ✅ The data of KO successfully converted to Chronos format.
2025-02-18 22:17:07,771 - INFO - ✅ Chronos data saved for KO at ./data/chronos/KO.parquet.
2025-02-18 22:17:07,773 - INFO - ✅ The data of BMY has no missing values.
2025-02-18 22:17:07,773 - INFO - ✅ Data for BMY normalized successfully.
2025-02-18 22:17:07,776 - INFO - ✅ The data of BMY successfully converted to Chronos format.
2025-02-18 22:17:07,778 - INFO - ✅ Chronos data saved for BMY at ./data/chronos/BMY.parquet.
2025-02-18 22:17:07,780 - INFO - ✅ The data of NVDA has no missing values.
2025-02-18 22:17:07,781 - INFO - ✅ Data for NVDA normalized successfully.
2025-02-18 22:17:07,784 - INFO - ✅ The data of NVDA successfully converted to Chronos format.
2025-02-18 22:17:07,786 - INFO - ✅ Chronos data saved for NVDA at ./data/chronos/NVDA.parquet.
2025-02-18 22:17:07,788 - INFO - ✅ The data of XOM has no missing values.
2025-02-18 22:17:07,789 - INFO - ✅ Data for XOM normalized successfully.
2025-02-18 22:17:07,791 - INFO - ✅ The data of XOM successfully converted to Chronos format.
2025-02-18 22:17:07,794 - INFO - ✅ Chronos data saved for XOM at ./data/chronos/XOM.parquet.
2025-02-18 22:17:07,795 - INFO - ✅ The data of T has no missing values.
2025-02-18 22:17:07,796 - INFO - ✅ Data for T normalized successfully.
2025-02-18 22:17:07,799 - INFO - ✅ The data of T successfully converted to Chronos format.
2025-02-18 22:17:07,801 - INFO - ✅ Chronos data saved for T at ./data/chronos/T.parquet.
2025-02-18 22:17:07,803 - INFO - ✅ The data of GM has no missing values.
2025-02-18 22:17:07,804 - INFO - ✅ Data for GM normalized successfully.
2025-02-18 22:17:07,806 - INFO - ✅ The data of GM successfully converted to Chronos format.
2025-02-18 22:17:07,808 - INFO - ✅ Chronos data saved for GM at ./data/chronos/GM.parquet.
2025-02-18 22:17:07,810 - INFO - ✅ The data of AAPL has no missing values.
2025-02-18 22:17:07,811 - INFO - ✅ Data for AAPL normalized successfully.
2025-02-18 22:17:07,813 - INFO - ✅ The data of AAPL successfully converted to Chronos format.
2025-02-18 22:17:07,815 - INFO - ✅ Chronos data saved for AAPL at ./data/chronos/AAPL.parquet.
2025-02-18 22:17:07,817 - INFO - ✅ The data of TMUS has no missing values.
2025-02-18 22:17:07,817 - INFO - ✅ Data for TMUS normalized successfully.
2025-02-18 22:17:07,819 - INFO - ✅ The data of TMUS successfully converted to Chronos format.
2025-02-18 22:17:07,822 - INFO - ✅ Chronos data saved for TMUS at ./data/chronos/TMUS.parquet.
2025-02-18 22:17:07,823 - INFO - ✅ The data of NKE has no missing values.
2025-02-18 22:17:07,824 - INFO - ✅ Data for NKE normalized successfully.
2025-02-18 22:17:07,826 - INFO - ✅ The data of NKE successfully converted to Chronos format.
2025-02-18 22:17:07,828 - INFO - ✅ Chronos data saved for NKE at ./data/chronos/NKE.parquet.
2025-02-18 22:17:07,830 - INFO - ✅ The data of MRK has no missing values.
2025-02-18 22:17:07,830 - INFO - ✅ Data for MRK normalized successfully.
2025-02-18 22:17:07,833 - INFO - ✅ The data of MRK successfully converted to Chronos format.
2025-02-18 22:17:07,835 - INFO - ✅ Chronos data saved for MRK at ./data/chronos/MRK.parquet.
2025-02-18 22:17:07,837 - INFO - ✅ The data of META has no missing values.
2025-02-18 22:17:07,838 - INFO - ✅ Data for META normalized successfully.
2025-02-18 22:17:07,840 - INFO - ✅ The data of META successfully converted to Chronos format.
2025-02-18 22:17:07,842 - INFO - ✅ Chronos data saved for META at ./data/chronos/META.parquet.
2025-02-18 22:17:07,844 - INFO - ✅ The data of JPM has no missing values.
2025-02-18 22:17:07,845 - INFO - ✅ Data for JPM normalized successfully.
2025-02-18 22:17:07,847 - INFO - ✅ The data of JPM successfully converted to Chronos format.
2025-02-18 22:17:07,849 - INFO - ✅ Chronos data saved for JPM at ./data/chronos/JPM.parquet.
2025-02-18 22:17:07,851 - INFO - ✅ The data of MRNA has no missing values.
2025-02-18 22:17:07,852 - INFO - ✅ Data for MRNA normalized successfully.
2025-02-18 22:17:07,854 - INFO - ✅ The data of MRNA successfully converted to Chronos format.
2025-02-18 22:17:07,856 - INFO - ✅ Chronos data saved for MRNA at ./data/chronos/MRNA.parquet.
2025-02-18 22:17:07,858 - INFO - ✅ The data of TM has no missing values.
2025-02-18 22:17:07,858 - INFO - ✅ Data for TM normalized successfully.
2025-02-18 22:17:07,882 - INFO - ✅ The data of TM successfully converted to Chronos format.
2025-02-18 22:17:07,885 - INFO - ✅ Chronos data saved for TM at ./data/chronos/TM.parquet.
2025-02-18 22:17:07,886 - INFO - ✅ The data of RACE has no missing values.
2025-02-18 22:17:07,887 - INFO - ✅ Data for RACE normalized successfully.
2025-02-18 22:17:07,890 - INFO - ✅ The data of RACE successfully converted to Chronos format.
2025-02-18 22:17:07,892 - INFO - ✅ Chronos data saved for RACE at ./data/chronos/RACE.parquet.
2025-02-18 22:17:07,893 - INFO - ✅ The data of UL has no missing values.
2025-02-18 22:17:07,894 - INFO - ✅ Data for UL normalized successfully.
2025-02-18 22:17:07,896 - INFO - ✅ The data of UL successfully converted to Chronos format.
2025-02-18 22:17:07,899 - INFO - ✅ Chronos data saved for UL at ./data/chronos/UL.parquet.
2025-02-18 22:17:07,900 - INFO - ✅ The data of PFE has no missing values.
2025-02-18 22:17:07,901 - INFO - ✅ Data for PFE normalized successfully.
2025-02-18 22:17:07,903 - INFO - ✅ The data of PFE successfully converted to Chronos format.
2025-02-18 22:17:07,906 - INFO - ✅ Chronos data saved for PFE at ./data/chronos/PFE.parquet.
2025-02-18 22:17:07,907 - INFO - ✅ The data of GS has no missing values.
2025-02-18 22:17:07,908 - INFO - ✅ Data for GS normalized successfully.
2025-02-18 22:17:07,910 - INFO - ✅ The data of GS successfully converted to Chronos format.
2025-02-18 22:17:07,912 - INFO - ✅ Chronos data saved for GS at ./data/chronos/GS.parquet.
2025-02-18 22:17:07,914 - INFO - ✅ The data of MCD has no missing values.
2025-02-18 22:17:07,915 - INFO - ✅ Data for MCD normalized successfully.
2025-02-18 22:17:07,917 - INFO - ✅ The data of MCD successfully converted to Chronos format.
2025-02-18 22:17:07,919 - INFO - ✅ Chronos data saved for MCD at ./data/chronos/MCD.parquet.
2025-02-18 22:17:07,921 - INFO - ✅ The data of V has no missing values.
2025-02-18 22:17:07,921 - INFO - ✅ Data for V normalized successfully.
2025-02-18 22:17:07,924 - INFO - ✅ The data of V successfully converted to Chronos format.
2025-02-18 22:17:07,926 - INFO - ✅ Chronos data saved for V at ./data/chronos/V.parquet.
2025-02-18 22:17:07,927 - INFO - ✅ The data of F has no missing values.
2025-02-18 22:17:07,928 - INFO - ✅ Data for F normalized successfully.
2025-02-18 22:17:07,930 - INFO - ✅ The data of F successfully converted to Chronos format.
2025-02-18 22:17:07,932 - INFO - ✅ Chronos data saved for F at ./data/chronos/F.parquet.
2025-02-18 22:17:07,934 - INFO - ✅ The data of VZ has no missing values.
2025-02-18 22:17:07,935 - INFO - ✅ Data for VZ normalized successfully.
2025-02-18 22:17:07,937 - INFO - ✅ The data of VZ successfully converted to Chronos format.
2025-02-18 22:17:07,939 - INFO - ✅ Chronos data saved for VZ at ./data/chronos/VZ.parquet.
2025-02-18 22:17:07,941 - INFO - ✅ The data of CVX has no missing values.
2025-02-18 22:17:07,942 - INFO - ✅ Data for CVX normalized successfully.
2025-02-18 22:17:07,944 - INFO - ✅ The data of CVX successfully converted to Chronos format.
2025-02-18 22:17:07,946 - INFO - ✅ Chronos data saved for CVX at ./data/chronos/CVX.parquet.
2025-02-18 22:17:07,948 - INFO - ✅ The data of GOOGL has no missing values.
2025-02-18 22:17:07,948 - INFO - ✅ Data for GOOGL normalized successfully.
2025-02-18 22:17:07,951 - INFO - ✅ The data of GOOGL successfully converted to Chronos format.
2025-02-18 22:17:07,953 - INFO - ✅ Chronos data saved for GOOGL at ./data/chronos/GOOGL.parquet.
2025-02-18 22:17:07,954 - INFO - ✅ The data of ADBE has no missing values.
2025-02-18 22:17:07,955 - INFO - ✅ Data for ADBE normalized successfully.
2025-02-18 22:17:07,957 - INFO - ✅ The data of ADBE successfully converted to Chronos format.
2025-02-18 22:17:07,960 - INFO - ✅ Chronos data saved for ADBE at ./data/chronos/ADBE.parquet.
2025-02-18 22:17:07,961 - INFO - ✅ The data of WFC has no missing values.
2025-02-18 22:17:07,962 - INFO - ✅ Data for WFC normalized successfully.
2025-02-18 22:17:07,964 - INFO - ✅ The data of WFC successfully converted to Chronos format.
2025-02-18 22:17:07,967 - INFO - ✅ Chronos data saved for WFC at ./data/chronos/WFC.parquet.
2025-02-18 22:17:07,968 - INFO - ✅ The data of NFLX has no missing values.
2025-02-18 22:17:07,969 - INFO - ✅ Data for NFLX normalized successfully.
2025-02-18 22:17:07,972 - INFO - ✅ The data of NFLX successfully converted to Chronos format.
2025-02-18 22:17:07,974 - INFO - ✅ Chronos data saved for NFLX at ./data/chronos/NFLX.parquet.
2025-02-18 22:17:07,975 - INFO - ✅ The data of MSFT has no missing values.
2025-02-18 22:17:07,976 - INFO - ✅ Data for MSFT normalized successfully.
2025-02-18 22:17:07,979 - INFO - ✅ The data of MSFT successfully converted to Chronos format.
2025-02-18 22:17:07,981 - INFO - ✅ Chronos data saved for MSFT at ./data/chronos/MSFT.parquet.
2025-02-18 22:17:07,982 - INFO - ✅ The data of DIS has no missing values.
2025-02-18 22:17:07,983 - INFO - ✅ Data for DIS normalized successfully.
2025-02-18 22:17:07,985 - INFO - ✅ The data of DIS successfully converted to Chronos format.
2025-02-18 22:17:07,988 - INFO - ✅ Chronos data saved for DIS at ./data/chronos/DIS.parquet.
2025-02-18 22:17:07,989 - INFO - ✅ The data of ORCL has no missing values.
2025-02-18 22:17:07,990 - INFO - ✅ Data for ORCL normalized successfully.
2025-02-18 22:17:07,992 - INFO - ✅ The data of ORCL successfully converted to Chronos format.
2025-02-18 22:17:07,994 - INFO - ✅ Chronos data saved for ORCL at ./data/chronos/ORCL.parquet.
2025-02-18 22:17:07,996 - INFO - ✅ The data of SBUX has no missing values.
2025-02-18 22:17:07,996 - INFO - ✅ Data for SBUX normalized successfully.
2025-02-18 22:17:07,999 - INFO - ✅ The data of SBUX successfully converted to Chronos format.
2025-02-18 22:17:08,001 - INFO - ✅ Chronos data saved for SBUX at ./data/chronos/SBUX.parquet.
2025-02-18 22:17:08,003 - INFO - ✅ The data of IBM has no missing values.
2025-02-18 22:17:08,003 - INFO - ✅ Data for IBM normalized successfully.
2025-02-18 22:17:08,006 - INFO - ✅ The data of IBM successfully converted to Chronos format.
2025-02-18 22:17:08,008 - INFO - ✅ Chronos data saved for IBM at ./data/chronos/IBM.parquet.
2025-02-18 22:17:08,009 - INFO - ✅ The data of BAC has no missing values.
2025-02-18 22:17:08,010 - INFO - ✅ Data for BAC normalized successfully.
2025-02-18 22:17:08,013 - INFO - ✅ The data of BAC successfully converted to Chronos format.
2025-02-18 22:17:08,015 - INFO - ✅ Chronos data saved for BAC at ./data/chronos/BAC.parquet.
2025-02-18 22:17:08,017 - INFO - ✅ The data of PG has no missing values.
2025-02-18 22:17:08,017 - INFO - ✅ Data for PG normalized successfully.
2025-02-18 22:17:08,020 - INFO - ✅ The data of PG successfully converted to Chronos format.
2025-02-18 22:17:08,022 - INFO - ✅ Chronos data saved for PG at ./data/chronos/PG.parquet.
2025-02-18 22:17:08,024 - INFO - ✅ The data of TSLA has no missing values.
2025-02-18 22:17:08,025 - INFO - ✅ Data for TSLA normalized successfully.
2025-02-18 22:17:08,027 - INFO - ✅ The data of TSLA successfully converted to Chronos format.
2025-02-18 22:17:08,029 - INFO - ✅ Chronos data saved for TSLA at ./data/chronos/TSLA.parquet.
2025-02-18 22:17:08,031 - INFO - ✅ The data of LLY has no missing values.
2025-02-18 22:17:08,031 - INFO - ✅ Data for LLY normalized successfully.
2025-02-18 22:17:08,034 - INFO - ✅ The data of LLY successfully converted to Chronos format.
2025-02-18 22:17:08,036 - INFO - ✅ Chronos data saved for LLY at ./data/chronos/LLY.parquet.
2025-02-18 22:17:08,038 - INFO - ✅ The data of WMT has no missing values.
2025-02-18 22:17:08,038 - INFO - ✅ Data for WMT normalized successfully.
2025-02-18 22:17:08,041 - INFO - ✅ The data of WMT successfully converted to Chronos format.
2025-02-18 22:17:08,043 - INFO - ✅ Chronos data saved for WMT at ./data/chronos/WMT.parquet.
2025-02-18 22:17:08,044 - INFO - ✅ The data of PEP has no missing values.
2025-02-18 22:17:08,045 - INFO - ✅ Data for PEP normalized successfully.
2025-02-18 22:17:08,067 - INFO - ✅ The data of PEP successfully converted to Chronos format.
2025-02-18 22:17:08,070 - INFO - ✅ Chronos data saved for PEP at ./data/chronos/PEP.parquet.
2025-02-18 22:17:08,072 - INFO - ✅ The data of COST has no missing values.
2025-02-18 22:17:08,072 - INFO - ✅ Data for COST normalized successfully.
2025-02-18 22:17:08,075 - INFO - ✅ The data of COST successfully converted to Chronos format.
2025-02-18 22:17:08,077 - INFO - ✅ Chronos data saved for COST at ./data/chronos/COST.parquet.
2025-02-18 22:17:08,078 - INFO - ✅ The data of JNJ has no missing values.
2025-02-18 22:17:08,079 - INFO - ✅ Data for JNJ normalized successfully.
2025-02-18 22:17:08,082 - INFO - ✅ The data of JNJ successfully converted to Chronos format.
2025-02-18 22:17:08,084 - INFO - ✅ Chronos data saved for JNJ at ./data/chronos/JNJ.parquet.
2025-02-18 22:17:08,085 - INFO - ✅ The data of WBD has no missing values.
2025-02-18 22:17:08,086 - INFO - ✅ Data for WBD normalized successfully.
2025-02-18 22:17:08,088 - INFO - ✅ The data of WBD successfully converted to Chronos format.
2025-02-18 22:17:08,090 - INFO - ✅ Chronos data saved for WBD at ./data/chronos/WBD.parquet.
2025-02-18 22:17:08,092 - INFO - ✅ The data of MA has no missing values.
2025-02-18 22:17:08,093 - INFO - ✅ Data for MA normalized successfully.
2025-02-18 22:17:08,095 - INFO - ✅ The data of MA successfully converted to Chronos format.
2025-02-18 22:17:08,097 - INFO - ✅ Chronos data saved for MA at ./data/chronos/MA.parquet.
2025-02-18 22:17:08,099 - INFO - ✅ The data of BP has no missing values.
2025-02-18 22:17:08,099 - INFO - ✅ Data for BP normalized successfully.
2025-02-18 22:17:08,102 - INFO - ✅ The data of BP successfully converted to Chronos format.
2025-02-18 22:17:08,104 - INFO - ✅ Chronos data saved for BP at ./data/chronos/BP.parquet.
2025-02-18 22:17:08,106 - INFO - ✅ The data of COP has no missing values.
2025-02-18 22:17:08,107 - INFO - ✅ Data for COP normalized successfully.
2025-02-18 22:17:08,109 - INFO - ✅ The data of COP successfully converted to Chronos format.
2025-02-18 22:17:08,111 - INFO - ✅ Chronos data saved for COP at ./data/chronos/COP.parquet.
2025-02-18 22:17:08,113 - INFO - ✅ The data of INTC has no missing values.
2025-02-18 22:17:08,114 - INFO - ✅ Data for INTC normalized successfully.
2025-02-18 22:17:08,116 - INFO - ✅ The data of INTC successfully converted to Chronos format.
2025-02-18 22:17:08,118 - INFO - ✅ Chronos data saved for INTC at ./data/chronos/INTC.parquet.
2025-02-18 22:17:08,120 - INFO - ✅ The data of AXP has no missing values.
2025-02-18 22:17:08,121 - INFO - ✅ Data for AXP normalized successfully.
2025-02-18 22:17:08,123 - INFO - ✅ The data of AXP successfully converted to Chronos format.
2025-02-18 22:17:08,125 - INFO - ✅ Chronos data saved for AXP at ./data/chronos/AXP.parquet.
2025-02-18 22:17:08,125 - INFO - ✅ Saving the chronos compatible data successfully completed.
